<?xml version="1.0" encoding="UTF-8"?>
<testsuite xmlns:xsi="http://www.w3.org/2001/XMLSchema-instance" xsi:noNamespaceSchemaLocation="https://maven.apache.org/surefire/maven-surefire-plugin/xsd/surefire-test-report-3.0.xsd" version="3.0" name="edu.brown.cs.student.TestSuite" time="1.333" tests="6" errors="0" skipped="0" failures="0">
  <properties>
[...]
</properties>
  <testcase name="testKindergarten" classname="edu.brown.cs.student.TestSuite" time="0.069"/>
  <testcase name="testRace" classname="edu.brown.cs.student.TestSuite" time="0.045"/>
  <testcase name="testEarnings" classname="edu.brown.cs.student.TestSuite" time="0.002"/>
  <testcase name="testShakespeare" classname="edu.brown.cs.student.TestSuite" time="0.002"/>
  <testcase name="testDeserts" classname="edu.brown.cs.student.TestSuite" time="0.002"/>
  <testcase name="testParser" classname="edu.brown.cs.student.TestSuite" time="1.183"/>
</testsuite>