<?xml version="1.0" encoding="UTF-8" standalone="yes"?><!DOCTYPE report PUBLIC "-//JACOCO//DTD Report 1.1//EN" "report.dtd"><report name="s0"><sessioninfo id="erics-mbp.devices.brown.edu-e9c39e8c" start="1694897690716" dump="1694897691092"/><sessioninfo id="erics-mbp.devices.brown.edu-ab618c54" start="1694899232653" dump="1694899233053"/><sessioninfo id="erics-mbp.devices.brown.edu-f558bccc" start="1694899360738" dump="1694899361122"/><sessioninfo id="erics-mbp.devices.brown.edu-4737f609" start="1694899429285" dump="1694899429682"/><sessioninfo id="erics-mbp.devices.brown.edu-3bba53c5" start="1694899939732" dump="1694899940130"/><sessioninfo id="erics-mbp.devices.brown.edu-be1a9" start="1694900171534" dump="1694900171942"/><sessioninfo id="erics-mbp.devices.brown.edu-dfa7e049" start="1694900207456" dump="1694900207847"/><sessioninfo id="erics-mbp.devices.brown.edu-d5b739be" start="1694900376743" dump="1694900377179"/><sessioninfo id="erics-mbp.devices.brown.edu-360bbf61" start="1694900465187" dump="1694900465605"/><sessioninfo id="erics-mbp.devices.brown.edu-cecdae8f" start="1694900480927" dump="1694900481353"/><sessioninfo id="erics-mbp.devices.brown.edu-1d8c3a9f" start="1694900563307" dump="1694900563734"/><sessioninfo id="erics-mbp.devices.brown.edu-d3ed8708" start="1694900968031" dump="1694900968447"/><sessioninfo id="erics-mbp.devices.brown.edu-305fca8c" start="1694901342487" dump="1694901342878"/><sessioninfo id="erics-mbp.devices.brown.edu-eb11d1d0" start="1694918337285" dump="1694918337730"/><sessioninfo id="erics-mbp.devices.brown.edu-9e516920" start="1694918626806" dump="1694918627234"/><sessioninfo id="erics-mbp.devices.brown.edu-97e58b1b" start="1694919054908" dump="1694919055360"/><sessioninfo id="erics-mbp.devices.brown.edu-49ea7e8c" start="1694919246454" dump="1694919246889"/><sessioninfo id="erics-mbp.devices.brown.edu-195e44fc" start="1694919310637" dump="1694919311050"/><sessioninfo id="erics-mbp.devices.brown.edu-27918a55" start="1694919771591" dump="1694919772012"/><sessioninfo id="erics-mbp.devices.brown.edu-9907054b" start="1694919806179" dump="1694919806583"/><sessioninfo id="erics-mbp.devices.brown.edu-1499d911" start="1694919844932" dump="1694919845343"/><sessioninfo id="erics-mbp.devices.brown.edu-8f04d5e4" start="1694919971158" dump="1694919971569"/><sessioninfo id="erics-mbp.devices.brown.edu-db00838f" start="1694920522296" dump="1694920522705"/><sessioninfo id="erics-mbp.devices.brown.edu-187ca606" start="1694920663309" dump="1694920663727"/><sessioninfo id="erics-mbp.devices.brown.edu-99842191" start="1694927062229" dump="1694927062666"/><sessioninfo id="erics-mbp.devices.brown.edu-d75a5240" start="1694927068744" dump="1694927069142"/><sessioninfo id="erics-mbp.devices.brown.edu-ad1c01e7" start="1694927089753" dump="1694927090147"/><sessioninfo id="erics-mbp.devices.brown.edu-177a8e58" start="1694927503024" dump="1694927503438"/><sessioninfo id="erics-mbp.devices.brown.edu-a1e6e11d" start="1694927861532" dump="1694927861945"/><sessioninfo id="erics-mbp.devices.brown.edu-bad09313" start="1694973202478" dump="1694973202968"/><sessioninfo id="erics-mbp.devices.brown.edu-111abf7d" start="1694979823554" dump="1694979823987"/><sessioninfo id="erics-mbp.devices.brown.edu-5fe4cbaa" start="1694980154519" dump="1694980154937"/><sessioninfo id="erics-mbp.devices.brown.edu-a58c1783" start="1694980813683" dump="1694980814075"/><sessioninfo id="erics-mbp.devices.brown.edu-d1c9fd82" start="1694980845890" dump="1694980846271"/><sessioninfo id="erics-mbp.devices.brown.edu-29d280c7" start="1694981163402" dump="1694981163817"/><sessioninfo id="erics-mbp.devices.brown.edu-65bc2632" start="1694981183520" dump="1694981183934"/><sessioninfo id="erics-mbp.devices.brown.edu-e183b010" start="1694981322359" dump="1694981322781"/><sessioninfo id="erics-mbp.devices.brown.edu-b1d0cf4b" start="1694981578951" dump="1694981579331"/><sessioninfo id="erics-mbp.devices.brown.edu-91e8f01f" start="1694981608433" dump="1694981608829"/><sessioninfo id="erics-mbp.devices.brown.edu-d989a4f3" start="1694981837198" dump="1694981837599"/><sessioninfo id="erics-mbp.devices.brown.edu-23df4370" start="1694982523554" dump="1694982523937"/><sessioninfo id="erics-mbp.devices.brown.edu-59028741" start="1694982583653" dump="1694982584042"/><sessioninfo id="erics-mbp.devices.brown.edu-2ec257f2" start="1694982638729" dump="1694982639132"/><sessioninfo id="erics-mbp.devices.brown.edu-d9cd6405" start="1694982697647" dump="1694982698020"/><sessioninfo id="erics-mbp.devices.brown.edu-cfd38e2d" start="1694982746030" dump="1694982746419"/><sessioninfo id="erics-mbp.devices.brown.edu-a346cc74" start="1694982773449" dump="1694982773828"/><sessioninfo id="erics-mbp.devices.brown.edu-24a1cb42" start="1694982801828" dump="1694982802201"/><sessioninfo id="erics-mbp.devices.brown.edu-156d0b7f" start="1694982863421" dump="1694982863779"/><sessioninfo id="erics-mbp.devices.brown.edu-99cc97d" start="1694983212962" dump="1694983213393"/><sessioninfo id="erics-mbp.devices.brown.edu-1bf23844" start="1694983295339" dump="1694983295756"/><sessioninfo id="erics-mbp.devices.brown.edu-bb9c78bb" start="1694983457721" dump="1694983458137"/><sessioninfo id="erics-mbp.devices.brown.edu-685aff89" start="1694983497022" dump="1694983497440"/><sessioninfo id="erics-mbp.devices.brown.edu-328f7bb5" start="1694983553731" dump="1694983554141"/><sessioninfo id="erics-mbp.devices.brown.edu-37fa4140" start="1694983600789" dump="1694983601190"/><sessioninfo id="erics-mbp.devices.brown.edu-b4737e1a" start="1694983638370" dump="1694983638778"/><sessioninfo id="erics-mbp.devices.brown.edu-2ca09bd6" start="1694983698817" dump="1694983699208"/><sessioninfo id="erics-mbp.devices.brown.edu-ad161a6e" start="1694983796778" dump="1694983797177"/><sessioninfo id="erics-mbp.devices.brown.edu-baaa37d8" start="1694983879791" dump="1694983880198"/><sessioninfo id="erics-mbp.devices.brown.edu-89e3a07e" start="1694983926008" dump="1694983926398"/><sessioninfo id="erics-mbp.devices.brown.edu-fd327e91" start="1694983954613" dump="1694983955017"/><sessioninfo id="erics-mbp.devices.brown.edu-df15ed43" start="1694984163658" dump="1694984164081"/><sessioninfo id="erics-mbp.devices.brown.edu-8699c316" start="1694984174225" dump="1694984174626"/><sessioninfo id="erics-mbp.devices.brown.edu-d6d164b3" start="1694984917519" dump="1694984917945"/><sessioninfo id="erics-mbp.devices.brown.edu-a2116a6b" start="1694984932276" dump="1694984932702"/><sessioninfo id="erics-mbp.devices.brown.edu-40ec3e7" start="1694984955856" dump="1694984956277"/><sessioninfo id="erics-mbp.devices.brown.edu-ae3e20e3" start="1694985024521" dump="1694985024962"/><sessioninfo id="erics-mbp.devices.brown.edu-5ce032b6" start="1694985097072" dump="1694985097517"/><sessioninfo id="erics-mbp.devices.brown.edu-8eb51bef" start="1694985137198" dump="1694985137619"/><sessioninfo id="erics-mbp.devices.brown.edu-701148ea" start="1694985438573" dump="1694985439002"/><sessioninfo id="erics-mbp.devices.brown.edu-a19ed5eb" start="1694985468910" dump="1694985469337"/><sessioninfo id="erics-mbp.devices.brown.edu-2fc019aa" start="1694985520557" dump="1694985520982"/><sessioninfo id="erics-mbp.devices.brown.edu-9bd9e534" start="1694985622889" dump="1694985623285"/><sessioninfo id="erics-mbp.devices.brown.edu-9b43c1c0" start="1694985639745" dump="1694985640181"/><sessioninfo id="erics-mbp.devices.brown.edu-a0cbc4d9" start="1694985677734" dump="1694985678180"/><sessioninfo id="erics-mbp.devices.brown.edu-7d23f185" start="1694985742277" dump="1694985742684"/><sessioninfo id="erics-mbp.devices.brown.edu-a2987881" start="1694985798878" dump="1694985799304"/><sessioninfo id="erics-mbp.devices.brown.edu-52a6ade8" start="1694986072608" dump="1694986073023"/><sessioninfo id="erics-mbp.devices.brown.edu-7746286" start="1694986091458" dump="1694986091891"/><sessioninfo id="erics-mbp.devices.brown.edu-e610a290" start="1694986144465" dump="1694986144856"/><sessioninfo id="erics-mbp.devices.brown.edu-457550fb" start="1694986285040" dump="1694986285459"/><sessioninfo id="erics-mbp.devices.brown.edu-20f09824" start="1694986327214" dump="1694986327638"/><sessioninfo id="erics-mbp.devices.brown.edu-743108aa" start="1694986468867" dump="1694986469325"/><sessioninfo id="erics-mbp.devices.brown.edu-240378a6" start="1694986771556" dump="1694986772015"/><sessioninfo id="erics-mbp.devices.brown.edu-14fb3cb3" start="1694986800530" dump="1694986800950"/><sessioninfo id="erics-mbp.devices.brown.edu-60800127" start="1694987291469" dump="1694987291915"/><sessioninfo id="erics-mbp.devices.brown.edu-6c7d1f1e" start="1694987440682" dump="1694987441118"/><sessioninfo id="erics-mbp.devices.brown.edu-f1a14d32" start="1694988041786" dump="1694988042247"/><sessioninfo id="erics-mbp.devices.brown.edu-d5f05e96" start="1694988326110" dump="1694988326559"/><sessioninfo id="erics-mbp.devices.brown.edu-ec058e96" start="1694988405527" dump="1694988405959"/><sessioninfo id="erics-mbp.devices.brown.edu-a53c08aa" start="1694989052958" dump="1694989053505"/><sessioninfo id="erics-mbp.devices.brown.edu-b5bd286a" start="1694989669690" dump="1694989670143"/><sessioninfo id="erics-mbp.devices.brown.edu-e08be2b9" start="1694990216830" dump="1694990217285"/><sessioninfo id="erics-mbp.devices.brown.edu-c6d72f9" start="1694990996254" dump="1694990996709"/><sessioninfo id="erics-mbp.devices.brown.edu-3e3033b7" start="1695699792071" dump="1695699792537"/><sessioninfo id="erics-mbp.devices.brown.edu-286d1ff5" start="1695700719864" dump="1695700720370"/><sessioninfo id="erics-mbp.devices.brown.edu-9aea7755" start="1695761449703" dump="1695761450305"/><sessioninfo id="erics-mbp.devices.brown.edu-1e048b70" start="1695761892806" dump="1695761893243"/><sessioninfo id="erics-mbp.devices.brown.edu-e3945677" start="1695764592370" dump="1695764592815"/><package name="edu/brown/cs/student/main"><class name="edu/brown/cs/student/main/Main" sourcefilename="Main.java"><method name="main" desc="([Ljava/lang/String;)V" line="24"><counter type="INSTRUCTION" missed="19" covered="0"/><counter type="BRANCH" missed="4" covered="0"/><counter type="LINE" missed="4" covered="0"/><counter type="COMPLEXITY" missed="3" covered="0"/><counter type="METHOD" missed="1" covered="0"/></method><method name="&lt;init&gt;" desc="([Ljava/lang/String;)V" line="32"><counter type="INSTRUCTION" missed="6" covered="0"/><counter type="LINE" missed="3" covered="0"/><counter type="COMPLEXITY" missed="1" covered="0"/><counter type="METHOD" missed="1" covered="0"/></method><method name="run" desc="()V" line="44"><counter type="INSTRUCTION" missed="81" covered="0"/><counter type="BRANCH" missed="2" covered="0"/><counter type="LINE" missed="20" covered="0"/><counter type="COMPLEXITY" missed="2" covered="0"/><counter type="METHOD" missed="1" covered="0"/></method><counter type="INSTRUCTION" missed="106" covered="0"/><counter type="BRANCH" missed="6" covered="0"/><counter type="LINE" missed="27" covered="0"/><counter type="COMPLEXITY" missed="6" covered="0"/><counter type="METHOD" missed="3" covered="0"/><counter type="CLASS" missed="1" covered="0"/></class><sourcefile name="Main.java"><line nr="24" mi="8" ci="0" mb="4" cb="0"/><line nr="25" mi="5" ci="0" mb="0" cb="0"/><line nr="29" mi="5" ci="0" mb="0" cb="0"/><line nr="30" mi="1" ci="0" mb="0" cb="0"/><line nr="32" mi="2" ci="0" mb="0" cb="0"/><line nr="33" mi="3" ci="0" mb="0" cb="0"/><line nr="34" mi="1" ci="0" mb="0" cb="0"/><line nr="44" mi="4" ci="0" mb="0" cb="0"/><line nr="47" mi="8" ci="0" mb="0" cb="0"/><line nr="49" mi="5" ci="0" mb="0" cb="0"/><line nr="50" mi="7" ci="0" mb="0" cb="0"/><line nr="51" mi="2" ci="0" mb="0" cb="0"/><line nr="52" mi="5" ci="0" mb="2" cb="0"/><line nr="53" mi="5" ci="0" mb="0" cb="0"/><line nr="56" mi="6" ci="0" mb="0" cb="0"/><line nr="57" mi="8" ci="0" mb="0" cb="0"/><line nr="58" mi="4" ci="0" mb="0" cb="0"/><line nr="60" mi="1" ci="0" mb="0" cb="0"/><line nr="61" mi="7" ci="0" mb="0" cb="0"/><line nr="62" mi="2" ci="0" mb="0" cb="0"/><line nr="63" mi="1" ci="0" mb="0" cb="0"/><line nr="64" mi="7" ci="0" mb="0" cb="0"/><line nr="65" mi="2" ci="0" mb="0" cb="0"/><line nr="66" mi="1" ci="0" mb="0" cb="0"/><line nr="68" mi="2" ci="0" mb="0" cb="0"/><line nr="69" mi="3" ci="0" mb="0" cb="0"/><line nr="70" mi="1" ci="0" mb="0" cb="0"/><counter type="INSTRUCTION" missed="106" covered="0"/><counter type="BRANCH" missed="6" covered="0"/><counter type="LINE" missed="27" covered="0"/><counter type="COMPLEXITY" missed="6" covered="0"/><counter type="METHOD" missed="3" covered="0"/><counter type="CLASS" missed="1" covered="0"/></sourcefile><counter type="INSTRUCTION" missed="106" covered="0"/><counter type="BRANCH" missed="6" covered="0"/><counter type="LINE" missed="27" covered="0"/><counter type="COMPLEXITY" missed="6" covered="0"/><counter type="METHOD" missed="3" covered="0"/><counter type="CLASS" missed="1" covered="0"/></package><package name="edu/brown/cs/student/main/server"><class name="edu/brown/cs/student/main/server/Server" sourcefilename="Server.java"><method name="&lt;init&gt;" desc="()V" line="18"><counter type="INSTRUCTION" missed="3" covered="0"/><counter type="LINE" missed="1" covered="0"/><counter type="COMPLEXITY" missed="1" covered="0"/><counter type="METHOD" missed="1" covered="0"/></method><method name="main" desc="([Ljava/lang/String;)V" line="22"><counter type="INSTRUCTION" missed="33" covered="0"/><counter type="LINE" missed="10" covered="0"/><counter type="COMPLEXITY" missed="1" covered="0"/><counter type="METHOD" missed="1" covered="0"/></method><method name="getData" desc="()Ljava/util/List;" line="64"><counter type="INSTRUCTION" missed="2" covered="0"/><counter type="LINE" missed="1" covered="0"/><counter type="COMPLEXITY" missed="1" covered="0"/><counter type="METHOD" missed="1" covered="0"/></method><method name="setData" desc="(Ljava/util/List;)V" line="68"><counter type="INSTRUCTION" missed="3" covered="0"/><counter type="LINE" missed="2" covered="0"/><counter type="COMPLEXITY" missed="1" covered="0"/><counter type="METHOD" missed="1" covered="0"/></method><method name="lambda$main$0" desc="(Lspark/Request;Lspark/Response;)V" line="43"><counter type="INSTRUCTION" missed="9" covered="0"/><counter type="LINE" missed="3" covered="0"/><counter type="COMPLEXITY" missed="1" covered="0"/><counter type="METHOD" missed="1" covered="0"/></method><counter type="INSTRUCTION" missed="50" covered="0"/><counter type="LINE" missed="17" covered="0"/><counter type="COMPLEXITY" missed="5" covered="0"/><counter type="METHOD" missed="5" covered="0"/><counter type="CLASS" missed="1" covered="0"/></class><class name="edu/brown/cs/student/main/server/LoadCSVHandler" sourcefilename="LoadCSVHandler.java"><method name="&lt;init&gt;" desc="()V" line="13"><counter type="INSTRUCTION" missed="3" covered="0"/><counter type="LINE" missed="1" covered="0"/><counter type="COMPLEXITY" missed="1" covered="0"/><counter type="METHOD" missed="1" covered="0"/></method><method name="handle" desc="(Lspark/Request;Lspark/Response;)Ljava/lang/Object;" line="17"><counter type="INSTRUCTION" missed="19" covered="0"/><counter type="LINE" missed="4" covered="0"/><counter type="COMPLEXITY" missed="1" covered="0"/><counter type="METHOD" missed="1" covered="0"/></method><counter type="INSTRUCTION" missed="22" covered="0"/><counter type="LINE" missed="5" covered="0"/><counter type="COMPLEXITY" missed="2" covered="0"/><counter type="METHOD" missed="2" covered="0"/><counter type="CLASS" missed="1" covered="0"/></class><class name="edu/brown/cs/student/main/server/SearchCSVHandler" sourcefilename="SearchCSVHandler.java"><method name="&lt;init&gt;" desc="()V" line="7"><counter type="INSTRUCTION" missed="3" covered="0"/><counter type="LINE" missed="1" covered="0"/><counter type="COMPLEXITY" missed="1" covered="0"/><counter type="METHOD" missed="1" covered="0"/></method><method name="handle" desc="(Lspark/Request;Lspark/Response;)Ljava/lang/Object;" line="11"><counter type="INSTRUCTION" missed="2" covered="0"/><counter type="LINE" missed="1" covered="0"/><counter type="COMPLEXITY" missed="1" covered="0"/><counter type="METHOD" missed="1" covered="0"/></method><counter type="INSTRUCTION" missed="5" covered="0"/><counter type="LINE" missed="2" covered="0"/><counter type="COMPLEXITY" missed="2" covered="0"/><counter type="METHOD" missed="2" covered="0"/><counter type="CLASS" missed="1" covered="0"/></class><class name="edu/brown/cs/student/main/server/ViewCSVHandler" sourcefilename="ViewCSVHandler.java"><method name="&lt;init&gt;" desc="()V" line="7"><counter type="INSTRUCTION" missed="3" covered="0"/><counter type="LINE" missed="1" covered="0"/><counter type="COMPLEXITY" missed="1" covered="0"/><counter type="METHOD" missed="1" covered="0"/></method><method name="handle" desc="(Lspark/Request;Lspark/Response;)Ljava/lang/Object;" line="11"><counter type="INSTRUCTION" missed="2" covered="0"/><counter type="LINE" missed="1" covered="0"/><counter type="COMPLEXITY" missed="1" covered="0"/><counter type="METHOD" missed="1" covered="0"/></method><counter type="INSTRUCTION" missed="5" covered="0"/><counter type="LINE" missed="2" covered="0"/><counter type="COMPLEXITY" missed="2" covered="0"/><counter type="METHOD" missed="2" covered="0"/><counter type="CLASS" missed="1" covered="0"/></class><sourcefile name="Server.java"><line nr="18" mi="3" ci="0" mb="0" cb="0"/><line nr="22" mi="2" ci="0" mb="0" cb="0"/><line nr="23" mi="2" ci="0" mb="0" cb="0"/><line nr="41" mi="7" ci="0" mb="0" cb="0"/><line nr="43" mi="4" ci="0" mb="0" cb="0"/><line nr="44" mi="4" ci="0" mb="0" cb="0"/><line nr="45" mi="1" ci="0" mb="0" cb="0"/><line nr="54" mi="5" ci="0" mb="0" cb="0"/><line nr="55" mi="5" ci="0" mb="0" cb="0"/><line nr="56" mi="5" ci="0" mb="0" cb="0"/><line nr="57" mi="1" ci="0" mb="0" cb="0"/><line nr="58" mi="1" ci="0" mb="0" cb="0"/><line nr="61" mi="4" ci="0" mb="0" cb="0"/><line nr="62" mi="1" ci="0" mb="0" cb="0"/><line nr="64" mi="2" ci="0" mb="0" cb="0"/><line nr="68" mi="2" ci="0" mb="0" cb="0"/><line nr="69" mi="1" ci="0" mb="0" cb="0"/><counter type="INSTRUCTION" missed="50" covered="0"/><counter type="LINE" missed="17" covered="0"/><counter type="COMPLEXITY" missed="5" covered="0"/><counter type="METHOD" missed="5" covered="0"/><counter type="CLASS" missed="1" covered="0"/></sourcefile><sourcefile name="SearchCSVHandler.java"><line nr="7" mi="3" ci="0" mb="0" cb="0"/><line nr="11" mi="2" ci="0" mb="0" cb="0"/><counter type="INSTRUCTION" missed="5" covered="0"/><counter type="LINE" missed="2" covered="0"/><counter type="COMPLEXITY" missed="2" covered="0"/><counter type="METHOD" missed="2" covered="0"/><counter type="CLASS" missed="1" covered="0"/></sourcefile><sourcefile name="LoadCSVHandler.java"><line nr="13" mi="3" ci="0" mb="0" cb="0"/><line nr="17" mi="7" ci="0" mb="0" cb="0"/><line nr="18" mi="4" ci="0" mb="0" cb="0"/><line nr="19" mi="6" ci="0" mb="0" cb="0"/><line nr="21" mi="2" ci="0" mb="0" cb="0"/><counter type="INSTRUCTION" missed="22" covered="0"/><counter type="LINE" missed="5" covered="0"/><counter type="COMPLEXITY" missed="2" covered="0"/><counter type="METHOD" missed="2" covered="0"/><counter type="CLASS" missed="1" covered="0"/></sourcefile><sourcefile name="ViewCSVHandler.java"><line nr="7" mi="3" ci="0" mb="0" cb="0"/><line nr="11" mi="2" ci="0" mb="0" cb="0"/><counter type="INSTRUCTION" missed="5" covered="0"/><counter type="LINE" missed="2" covered="0"/><counter type="COMPLEXITY" missed="2" covered="0"/><counter type="METHOD" missed="2" covered="0"/><counter type="CLASS" missed="1" covered="0"/></sourcefile><counter type="INSTRUCTION" missed="82" covered="0"/><counter type="LINE" missed="26" covered="0"/><counter type="COMPLEXITY" missed="11" covered="0"/><counter type="METHOD" missed="11" covered="0"/><counter type="CLASS" missed="4" covered="0"/></package><package name="edu/brown/cs/student/main/CSV"><class name="edu/brown/cs/student/main/CSV/CSVSearcher" sourcefilename="CSVSearcher.java"><method name="&lt;init&gt;" desc="(Ledu/brown/cs/student/main/CSV/CSVParser;Ljava/lang/String;Ljava/lang/Boolean;Ljava/lang/String;)V" line="20"><counter type="INSTRUCTION" missed="0" covered="18"/><counter type="LINE" missed="0" covered="7"/><counter type="COMPLEXITY" missed="0" covered="1"/><counter type="METHOD" missed="0" covered="1"/></method><method name="search" desc="()Ljava/util/List;" line="35"><counter type="INSTRUCTION" missed="17" covered="84"/><counter type="BRANCH" missed="7" covered="13"/><counter type="LINE" missed="5" covered="22"/><counter type="COMPLEXITY" missed="7" covered="4"/><counter type="METHOD" missed="0" covered="1"/></method><method name="allCol" desc="()Ljava/util/List;" line="82"><counter type="INSTRUCTION" missed="0" covered="48"/><counter type="BRANCH" missed="1" covered="7"/><counter type="LINE" missed="0" covered="10"/><counter type="COMPLEXITY" missed="1" covered="4"/><counter type="METHOD" missed="0" covered="1"/></method><method name="specificCol" desc="(I)Ljava/util/List;" line="101"><counter type="INSTRUCTION" missed="0" covered="39"/><counter type="BRANCH" missed="0" covered="6"/><counter type="LINE" missed="0" covered="8"/><counter type="COMPLEXITY" missed="0" covered="4"/><counter type="METHOD" missed="0" covered="1"/></method><method name="print" desc="(Ljava/util/List;)V" line="116"><counter type="INSTRUCTION" missed="29" covered="0"/><counter type="BRANCH" missed="4" covered="0"/><counter type="LINE" missed="7" covered="0"/><counter type="COMPLEXITY" missed="3" covered="0"/><counter type="METHOD" missed="1" covered="0"/></method><method name="checkEmpty" desc="(Ljava/util/List;)Z" line="125"><counter type="INSTRUCTION" missed="1" covered="17"/><counter type="BRANCH" missed="1" covered="3"/><counter type="LINE" missed="1" covered="4"/><counter type="COMPLEXITY" missed="1" covered="2"/><counter type="METHOD" missed="0" covered="1"/></method><counter type="INSTRUCTION" missed="47" covered="206"/><counter type="BRANCH" missed="13" covered="29"/><counter type="LINE" missed="13" covered="51"/><counter type="COMPLEXITY" missed="12" covered="15"/><counter type="METHOD" missed="1" covered="5"/><counter type="CLASS" missed="0" covered="1"/></class><class name="edu/brown/cs/student/main/CSV/CSVParser" sourcefilename="CSVParser.java"><method name="&lt;init&gt;" desc="(Ljava/io/Reader;Ledu/brown/cs/student/main/DataObject/CreatorFromRow;)V" line="19"><counter type="INSTRUCTION" missed="0" covered="12"/><counter type="LINE" missed="0" covered="4"/><counter type="COMPLEXITY" missed="0" covered="1"/><counter type="METHOD" missed="0" covered="1"/></method><method name="parse" desc="()Ljava/util/List;" line="25"><counter type="INSTRUCTION" missed="12" covered="31"/><counter type="BRANCH" missed="1" covered="3"/><counter type="LINE" missed="4" covered="9"/><counter type="COMPLEXITY" missed="1" covered="2"/><counter type="METHOD" missed="0" covered="1"/></method><method name="close" desc="()V" line="45"><counter type="INSTRUCTION" missed="0" covered="4"/><counter type="LINE" missed="0" covered="2"/><counter type="COMPLEXITY" missed="0" covered="1"/><counter type="METHOD" missed="0" covered="1"/></method><method name="arrayToList" desc="([Ljava/lang/String;)Ljava/util/List;" line="50"><counter type="INSTRUCTION" missed="0" covered="26"/><counter type="BRANCH" missed="0" covered="2"/><counter type="LINE" missed="0" covered="4"/><counter type="COMPLEXITY" missed="0" covered="2"/><counter type="METHOD" missed="0" covered="1"/></method><method name="&lt;clinit&gt;" desc="()V" line="16"><counter type="INSTRUCTION" missed="0" covered="4"/><counter type="LINE" missed="0" covered="2"/><counter type="COMPLEXITY" missed="0" covered="1"/><counter type="METHOD" missed="0" covered="1"/></method><counter type="INSTRUCTION" missed="12" covered="77"/><counter type="BRANCH" missed="1" covered="5"/><counter type="LINE" missed="4" covered="21"/><counter type="COMPLEXITY" missed="1" covered="7"/><counter type="METHOD" missed="0" covered="5"/><counter type="CLASS" missed="0" covered="1"/></class><sourcefile name="CSVParser.java"><line nr="16" mi="0" ci="2" mb="0" cb="0"/><line nr="17" mi="0" ci="2" mb="0" cb="0"/><line nr="19" mi="0" ci="2" mb="0" cb="0"/><line nr="20" mi="0" ci="6" mb="0" cb="0"/><line nr="21" mi="0" ci="3" mb="0" cb="0"/><line nr="22" mi="0" ci="1" mb="0" cb="0"/><line nr="25" mi="0" ci="4" mb="0" cb="0"/><line nr="27" mi="0" ci="6" mb="0" cb="2"/><line nr="28" mi="0" ci="5" mb="0" cb="0"/><line nr="31" mi="0" ci="5" mb="0" cb="0"/><line nr="32" mi="0" ci="4" mb="0" cb="0"/><line nr="33" mi="1" ci="0" mb="0" cb="0"/><line nr="34" mi="2" ci="0" mb="0" cb="0"/><line nr="35" mi="6" ci="0" mb="0" cb="0"/><line nr="36" mi="0" ci="1" mb="0" cb="0"/><line nr="37" mi="0" ci="1" mb="0" cb="0"/><line nr="38" mi="0" ci="3" mb="1" cb="1"/><line nr="39" mi="3" ci="0" mb="0" cb="0"/><line nr="41" mi="0" ci="2" mb="0" cb="0"/><line nr="45" mi="0" ci="3" mb="0" cb="0"/><line nr="46" mi="0" ci="1" mb="0" cb="0"/><line nr="50" mi="0" ci="4" mb="0" cb="0"/><line nr="51" mi="0" ci="16" mb="0" cb="2"/><line nr="52" mi="0" ci="4" mb="0" cb="0"/><line nr="54" mi="0" ci="2" mb="0" cb="0"/><counter type="INSTRUCTION" missed="12" covered="77"/><counter type="BRANCH" missed="1" covered="5"/><counter type="LINE" missed="4" covered="21"/><counter type="COMPLEXITY" missed="1" covered="7"/><counter type="METHOD" missed="0" covered="5"/><counter type="CLASS" missed="0" covered="1"/></sourcefile><sourcefile name="CSVSearcher.java"><line nr="20" mi="0" ci="2" mb="0" cb="0"/><line nr="21" mi="0" ci="3" mb="0" cb="0"/><line nr="22" mi="0" ci="3" mb="0" cb="0"/><line nr="23" mi="0" ci="3" mb="0" cb="0"/><line nr="24" mi="0" ci="4" mb="0" cb="0"/><line nr="25" mi="0" ci="2" mb="0" cb="0"/><line nr="26" mi="0" ci="1" mb="0" cb="0"/><line nr="35" mi="0" ci="3" mb="0" cb="2"/><line nr="36" mi="0" ci="3" mb="0" cb="0"/><line nr="37" mi="0" ci="4" mb="1" cb="1"/><line nr="38" mi="4" ci="0" mb="0" cb="0"/><line nr="40" mi="0" ci="2" mb="0" cb="0"/><line nr="44" mi="0" ci="5" mb="0" cb="2"/><line nr="45" mi="0" ci="2" mb="0" cb="0"/><line nr="46" mi="0" ci="6" mb="0" cb="0"/><line nr="47" mi="2" ci="6" mb="1" cb="1"/><line nr="48" mi="0" ci="8" mb="1" cb="1"/><line nr="49" mi="0" ci="2" mb="0" cb="0"/><line nr="50" mi="0" ci="1" mb="0" cb="0"/><line nr="53" mi="0" ci="3" mb="1" cb="1"/><line nr="54" mi="3" ci="0" mb="0" cb="0"/><line nr="56" mi="0" ci="4" mb="0" cb="0"/><line nr="57" mi="0" ci="4" mb="1" cb="1"/><line nr="58" mi="4" ci="0" mb="0" cb="0"/><line nr="60" mi="0" ci="2" mb="0" cb="0"/><line nr="62" mi="1" ci="0" mb="0" cb="0"/><line nr="65" mi="0" ci="4" mb="0" cb="0"/><line nr="67" mi="0" ci="9" mb="2" cb="2"/><line nr="68" mi="3" ci="0" mb="0" cb="0"/><line nr="71" mi="0" ci="4" mb="0" cb="0"/><line nr="72" mi="0" ci="4" mb="0" cb="2"/><line nr="73" mi="0" ci="4" mb="0" cb="0"/><line nr="75" mi="0" ci="2" mb="0" cb="0"/><line nr="78" mi="0" ci="2" mb="0" cb="0"/><line nr="82" mi="0" ci="4" mb="0" cb="0"/><line nr="84" mi="0" ci="4" mb="1" cb="1"/><line nr="85" mi="0" ci="5" mb="0" cb="0"/><line nr="88" mi="0" ci="11" mb="0" cb="2"/><line nr="89" mi="0" ci="8" mb="0" cb="2"/><line nr="90" mi="0" ci="8" mb="0" cb="2"/><line nr="91" mi="0" ci="4" mb="0" cb="0"/><line nr="92" mi="0" ci="1" mb="0" cb="0"/><line nr="95" mi="0" ci="1" mb="0" cb="0"/><line nr="97" mi="0" ci="2" mb="0" cb="0"/><line nr="101" mi="0" ci="4" mb="0" cb="0"/><line nr="103" mi="0" ci="4" mb="0" cb="2"/><line nr="104" mi="0" ci="5" mb="0" cb="0"/><line nr="107" mi="0" ci="11" mb="0" cb="2"/><line nr="108" mi="0" ci="8" mb="0" cb="2"/><line nr="109" mi="0" ci="4" mb="0" cb="0"/><line nr="111" mi="0" ci="1" mb="0" cb="0"/><line nr="112" mi="0" ci="2" mb="0" cb="0"/><line nr="116" mi="10" ci="0" mb="2" cb="0"/><line nr="117" mi="10" ci="0" mb="2" cb="0"/><line nr="118" mi="4" ci="0" mb="0" cb="0"/><line nr="119" mi="1" ci="0" mb="0" cb="0"/><line nr="120" mi="2" ci="0" mb="0" cb="0"/><line nr="121" mi="1" ci="0" mb="0" cb="0"/><line nr="122" mi="1" ci="0" mb="0" cb="0"/><line nr="125" mi="0" ci="10" mb="0" cb="2"/><line nr="126" mi="0" ci="3" mb="1" cb="1"/><line nr="127" mi="0" ci="2" mb="0" cb="0"/><line nr="129" mi="1" ci="0" mb="0" cb="0"/><line nr="130" mi="0" ci="2" mb="0" cb="0"/><counter type="INSTRUCTION" missed="47" covered="206"/><counter type="BRANCH" missed="13" covered="29"/><counter type="LINE" missed="13" covered="51"/><counter type="COMPLEXITY" missed="12" covered="15"/><counter type="METHOD" missed="1" covered="5"/><counter type="CLASS" missed="0" covered="1"/></sourcefile><counter type="INSTRUCTION" missed="59" covered="283"/><counter type="BRANCH" missed="14" covered="34"/><counter type="LINE" missed="17" covered="72"/><counter type="COMPLEXITY" missed="13" covered="22"/><counter type="METHOD" missed="1" covered="10"/><counter type="CLASS" missed="0" covered="2"/></package><package name="edu/brown/cs/student/main/DataObject"><class name="edu/brown/cs/student/main/DataObject/StringList" sourcefilename="StringList.java"><method name="&lt;init&gt;" desc="()V" line="5"><counter type="INSTRUCTION" missed="0" covered="3"/><counter type="LINE" missed="0" covered="1"/><counter type="COMPLEXITY" missed="0" covered="1"/><counter type="METHOD" missed="0" covered="1"/></method><method name="create" desc="(Ljava/util/List;)Ljava/util/List;" line="9"><counter type="INSTRUCTION" missed="0" covered="2"/><counter type="LINE" missed="0" covered="1"/><counter type="COMPLEXITY" missed="0" covered="1"/><counter type="METHOD" missed="0" covered="1"/></method><counter type="INSTRUCTION" missed="0" covered="5"/><counter type="LINE" missed="0" covered="2"/><counter type="COMPLEXITY" missed="0" covered="2"/><counter type="METHOD" missed="0" covered="2"/><counter type="CLASS" missed="0" covered="1"/></class><class name="edu/brown/cs/student/main/DataObject/GiantString" sourcefilename="GiantString.java"><method name="&lt;init&gt;" desc="()V" line="5"><counter type="INSTRUCTION" missed="0" covered="3"/><counter type="LINE" missed="0" covered="1"/><counter type="COMPLEXITY" missed="0" covered="1"/><counter type="METHOD" missed="0" covered="1"/></method><method name="create" desc="(Ljava/util/List;)Ljava/lang/String;" line="9"><counter type="INSTRUCTION" missed="0" covered="2"/><counter type="LINE" missed="0" covered="1"/><counter type="COMPLEXITY" missed="0" covered="1"/><counter type="METHOD" missed="0" covered="1"/></method><counter type="INSTRUCTION" missed="0" covered="5"/><counter type="LINE" missed="0" covered="2"/><counter type="COMPLEXITY" missed="0" covered="2"/><counter type="METHOD" missed="0" covered="2"/><counter type="CLASS" missed="0" covered="1"/></class><class name="edu/brown/cs/student/main/DataObject/CreatorFromRow" sourcefilename="CreatorFromRow.java"/><class name="edu/brown/cs/student/main/DataObject/FactoryFailureException" sourcefilename="FactoryFailureException.java"><method name="&lt;init&gt;" desc="(Ljava/lang/String;Ljava/util/List;)V" line="14"><counter type="INSTRUCTION" missed="10" covered="0"/><counter type="LINE" missed="3" covered="0"/><counter type="COMPLEXITY" missed="1" covered="0"/><counter type="METHOD" missed="1" covered="0"/></method><counter type="INSTRUCTION" missed="10" covered="0"/><counter type="LINE" missed="3" covered="0"/><counter type="COMPLEXITY" missed="1" covered="0"/><counter type="METHOD" missed="1" covered="0"/><counter type="CLASS" missed="1" covered="0"/></class><sourcefile name="CreatorFromRow.java"/><sourcefile name="FactoryFailureException.java"><line nr="14" mi="3" ci="0" mb="0" cb="0"/><line nr="15" mi="6" ci="0" mb="0" cb="0"/><line nr="16" mi="1" ci="0" mb="0" cb="0"/><counter type="INSTRUCTION" missed="10" covered="0"/><counter type="LINE" missed="3" covered="0"/><counter type="COMPLEXITY" missed="1" covered="0"/><counter type="METHOD" missed="1" covered="0"/><counter type="CLASS" missed="1" covered="0"/></sourcefile><sourcefile name="GiantString.java"><line nr="5" mi="0" ci="3" mb="0" cb="0"/><line nr="9" mi="0" ci="2" mb="0" cb="0"/><counter type="INSTRUCTION" missed="0" covered="5"/><counter type="LINE" missed="0" covered="2"/><counter type="COMPLEXITY" missed="0" covered="2"/><counter type="METHOD" missed="0" covered="2"/><counter type="CLASS" missed="0" covered="1"/></sourcefile><sourcefile name="StringList.java"><line nr="5" mi="0" ci="3" mb="0" cb="0"/><line nr="9" mi="0" ci="2" mb="0" cb="0"/><counter type="INSTRUCTION" missed="0" covered="5"/><counter type="LINE" missed="0" covered="2"/><counter type="COMPLEXITY" missed="0" covered="2"/><counter type="METHOD" missed="0" covered="2"/><counter type="CLASS" missed="0" covered="1"/></sourcefile><counter type="INSTRUCTION" missed="10" covered="10"/><counter type="LINE" missed="3" covered="4"/><counter type="COMPLEXITY" missed="1" covered="4"/><counter type="METHOD" missed="1" covered="4"/><counter type="CLASS" missed="1" covered="2"/></package><counter type="INSTRUCTION" missed="257" covered="293"/><counter type="BRANCH" missed="20" covered="34"/><counter type="LINE" missed="73" covered="76"/><counter type="COMPLEXITY" missed="31" covered="26"/><counter type="METHOD" missed="16" covered="14"/><counter type="CLASS" missed="6" covered="4"/></report>